Arguments: 
  C:\Program Files\nodejs\node.exe C:\Users\sunil kumar jakhal\AppData\Roaming\npm\node_modules\yarn\bin\yarn.js install

PATH: 
  C:\oraclexe\app\oracle\product\10.2.0\server\bin;C:\ProgramData\Oracle\Java\javapath;C:\WINDOWS\system32;C:\WINDOWS;C:\WINDOWS\System32\Wbem;C:\WINDOWS\System32\WindowsPowerShell\v1.0\;C:\TDM-GCC-64\bin;C:\Program Files\nodejs\;C:\Program Files (x86)\Common Files\lenovo\easyplussdk\bin;C:\Program Files\Git\cmd;C:\Program Files\Java\jdk1.8.0_31\bin;C:\Users\sunil kumar jakhal\AppData\Local\Microsoft\WindowsApps;C:\Users\sunil kumar jakhal\AppData\Roaming\npm;C:\Program Files\MongoDB\Server\3.4\bin

Yarn version: 
  1.3.2

Node version: 
  8.1.4

Platform: 
  win32 x64

npm manifest: 
  {
      "name": "erp",
      "version": "1.0.0",
      "description": "\"erp pannel for UIET\"",
      "scripts": {
          "test": "echo \"error\""
      },
      "main": "bin/www",
      "dependencies": {
          "body-parser": "~1.17.1",
          "bootstrap": "^4.0.0-alpha.6",
          "client-sessions": "^0.8.0",
          "consolidate": "^0.14.5",
          "cookie-parser": "~1.4.3",
          "debug": "~2.6.3",
          "express": "~4.15.2",
          "file-base64": "^1.0.0",
          "font-awesome": "^4.7.0",
          "mongodb": "^2.2.31",
          "morgan": "~1.8.1",
          "multer": "^1.3.0",
          "node-run-cmd": "^1.0.1",
          "nodemailer": "^4.1.0",
          "serve-favicon": "~2.4.2",
          "socket.io": "^2.0.3",
          "swig": "^1.4.2"
      },
      "devDependencies": {
          "grunt": "^1.0.1",
          "grunt-combo-html-css-js": "^0.1.2",
          "grunt-contrib-clean": "^1.1.0",
          "grunt-contrib-copy": "^1.0.0",
          "grunt-contrib-watch": "^1.0.0",
          "grunt-shell": "^2.1.0",
          "html-minifier": "^3.5.6",
          "html-minify": "^0.3.2",
          "jit-grunt": "^0.10.0",
          "load-grunt-tasks": "^3.5.2",
          "read-dir-files": "^0.1.1"
      },
      "repository": {
          "type": "git",
          "url": "git+https://github.com/anubhav25/erp.git"
      },
      "author": "anubhav",
      "license": "ISC",
      "bugs": {
          "url": "https://github.com/anubhav25/erp/issues"
      },
      "homepage": "https://github.com/anubhav25/erp#readme"
  }

yarn manifest: 
  No manifest

Lockfile: 
  No lockfile

Trace: 
  Error: connect ETIMEDOUT 104.16.62.173:443
      at Object.exports._errnoException (util.js:1022:11)
      at exports._exceptionWithHostPort (util.js:1045:20)
      at TCPConnectWrap.afterConnect [as oncomplete] (net.js:1146:14)
